
*** Running vivado
    with args -log top_all_layers.vds -m64 -product Vivado -mode batch -messageDb vivado.pb -notrace -source top_all_layers.tcl


****** Vivado v2019.2 (64-bit)
  **** SW Build 2700185 on Thu Oct 24 18:46:05 MDT 2019
  **** IP Build 2699827 on Thu Oct 24 21:16:38 MDT 2019
    ** Copyright 1986-2019 Xilinx, Inc. All Rights Reserved.

source top_all_layers.tcl -notrace
create_project: Time (s): cpu = 00:00:04 ; elapsed = 00:00:05 . Memory (MB): peak = 449.766 ; gain = 157.746
Command: synth_design -top top_all_layers -part xc7z020clg400-2
Starting synth_design
Attempting to get a license for feature 'Synthesis' and/or device 'xc7z020'
INFO: [Common 17-349] Got license for feature 'Synthesis' and/or device 'xc7z020'
INFO: Launching helper process for spawning children vivado processes
INFO: Helper process launched with PID 22556 
---------------------------------------------------------------------------------
Starting Synthesize : Time (s): cpu = 00:00:05 ; elapsed = 00:00:08 . Memory (MB): peak = 711.605 ; gain = 236.957
---------------------------------------------------------------------------------
INFO: [Synth 8-6157] synthesizing module 'top_all_layers' [C:/Users/AhmedAli/Desktop/SQYEEZE MODEL/SQYEEZE MODEL/top_all_layers.sv:2]
INFO: [Synth 8-6157] synthesizing module 'AdaptiveAvgPool2d_1x1' [C:/Users/AhmedAli/Desktop/SQYEEZE MODEL/SQYEEZE MODEL/AdaptiveAvgPool2d_1x1.sv:2]
	Parameter DATA_WIDTH bound to: 16 - type: integer 
	Parameter IN_HEIGHT bound to: 2 - type: integer 
	Parameter IN_WIDTH bound to: 2 - type: integer 
	Parameter CHANNELS bound to: 1 - type: integer 
	Parameter TOTAL_PIXELS bound to: 4 - type: integer 
	Parameter TOTAL_INPUTS bound to: 4 - type: integer 
WARNING: [Synth 8-6014] Unused sequential element total_cnt_reg was removed.  [C:/Users/AhmedAli/Desktop/SQYEEZE MODEL/SQYEEZE MODEL/AdaptiveAvgPool2d_1x1.sv:30]
INFO: [Synth 8-6155] done synthesizing module 'AdaptiveAvgPool2d_1x1' (1#1) [C:/Users/AhmedAli/Desktop/SQYEEZE MODEL/SQYEEZE MODEL/AdaptiveAvgPool2d_1x1.sv:2]
INFO: [Synth 8-6157] synthesizing module 'BatchNorm_param' [C:/Users/AhmedAli/Desktop/SQYEEZE MODEL/SQYEEZE MODEL/BatchNorm_param.sv:2]
	Parameter DATA_WIDTH bound to: 16 - type: integer 
WARNING: [Synth 8-6014] Unused sequential element in_reg_reg was removed.  [C:/Users/AhmedAli/Desktop/SQYEEZE MODEL/SQYEEZE MODEL/BatchNorm_param.sv:22]
WARNING: [Synth 8-6014] Unused sequential element mean_reg_reg was removed.  [C:/Users/AhmedAli/Desktop/SQYEEZE MODEL/SQYEEZE MODEL/BatchNorm_param.sv:23]
WARNING: [Synth 8-6014] Unused sequential element var_reg_reg was removed.  [C:/Users/AhmedAli/Desktop/SQYEEZE MODEL/SQYEEZE MODEL/BatchNorm_param.sv:24]
WARNING: [Synth 8-6014] Unused sequential element gamma_reg_reg was removed.  [C:/Users/AhmedAli/Desktop/SQYEEZE MODEL/SQYEEZE MODEL/BatchNorm_param.sv:25]
WARNING: [Synth 8-6014] Unused sequential element beta_reg_reg was removed.  [C:/Users/AhmedAli/Desktop/SQYEEZE MODEL/SQYEEZE MODEL/BatchNorm_param.sv:26]
INFO: [Synth 8-6155] done synthesizing module 'BatchNorm_param' (2#1) [C:/Users/AhmedAli/Desktop/SQYEEZE MODEL/SQYEEZE MODEL/BatchNorm_param.sv:2]
INFO: [Synth 8-6157] synthesizing module 'ReLU_param' [C:/Users/AhmedAli/Desktop/SQYEEZE MODEL/SQYEEZE MODEL/ReLU_param.sv:2]
	Parameter DATA_WIDTH bound to: 16 - type: integer 
WARNING: [Synth 8-6014] Unused sequential element in_reg_reg was removed.  [C:/Users/AhmedAli/Desktop/SQYEEZE MODEL/SQYEEZE MODEL/ReLU_param.sv:17]
INFO: [Synth 8-6155] done synthesizing module 'ReLU_param' (3#1) [C:/Users/AhmedAli/Desktop/SQYEEZE MODEL/SQYEEZE MODEL/ReLU_param.sv:2]
INFO: [Synth 8-6157] synthesizing module 'Conv2D_param' [C:/Users/AhmedAli/Desktop/SQYEEZE MODEL/SQYEEZE MODEL/Conv2D_param.sv:2]
	Parameter DATA_WIDTH bound to: 16 - type: integer 
	Parameter IN_HEIGHT bound to: 2 - type: integer 
	Parameter IN_WIDTH bound to: 2 - type: integer 
	Parameter KERNEL_SIZE bound to: 2 - type: integer 
	Parameter STRIDE bound to: 1 - type: integer 
	Parameter IN_CHANNELS bound to: 1 - type: integer 
	Parameter OUT_CHANNELS bound to: 1 - type: integer 
INFO: [Synth 8-5534] Detected attribute (* ram_style = "distributed" *) [C:/Users/AhmedAli/Desktop/SQYEEZE MODEL/SQYEEZE MODEL/Conv2D_param.sv:19]
INFO: [Synth 8-5534] Detected attribute (* ram_style = "distributed" *) [C:/Users/AhmedAli/Desktop/SQYEEZE MODEL/SQYEEZE MODEL/Conv2D_param.sv:21]
INFO: [Synth 8-155] case statement is not full and has no default [C:/Users/AhmedAli/Desktop/SQYEEZE MODEL/SQYEEZE MODEL/Conv2D_param.sv:83]
WARNING: [Synth 8-5856] 3D RAM kernel_reg  for this pattern/configuration is not supported. This will most likely be implemented in registers
WARNING: [Synth 8-5856] 3D RAM linebuf_reg  for this pattern/configuration is not supported. This will most likely be implemented in registers
WARNING: [Synth 8-6014] Unused sequential element in_cnt_reg was removed.  [C:/Users/AhmedAli/Desktop/SQYEEZE MODEL/SQYEEZE MODEL/Conv2D_param.sv:75]
WARNING: [Synth 8-6014] Unused sequential element conv_done_reg was removed.  [C:/Users/AhmedAli/Desktop/SQYEEZE MODEL/SQYEEZE MODEL/Conv2D_param.sv:81]
WARNING: [Synth 8-5788] Register kernel_reg[0][0][1][1] in module Conv2D_param is has both Set and reset with same priority. This may cause simulation mismatches. Consider rewriting code  [C:/Users/AhmedAli/Desktop/SQYEEZE MODEL/SQYEEZE MODEL/Conv2D_param.sv:49]
WARNING: [Synth 8-5788] Register kernel_reg[0][0][1][0] in module Conv2D_param is has both Set and reset with same priority. This may cause simulation mismatches. Consider rewriting code  [C:/Users/AhmedAli/Desktop/SQYEEZE MODEL/SQYEEZE MODEL/Conv2D_param.sv:49]
WARNING: [Synth 8-5788] Register kernel_reg[0][0][0][1] in module Conv2D_param is has both Set and reset with same priority. This may cause simulation mismatches. Consider rewriting code  [C:/Users/AhmedAli/Desktop/SQYEEZE MODEL/SQYEEZE MODEL/Conv2D_param.sv:49]
WARNING: [Synth 8-5788] Register kernel_reg[0][0][0][0] in module Conv2D_param is has both Set and reset with same priority. This may cause simulation mismatches. Consider rewriting code  [C:/Users/AhmedAli/Desktop/SQYEEZE MODEL/SQYEEZE MODEL/Conv2D_param.sv:49]
WARNING: [Synth 8-5788] Register linebuf_reg[0][1][1] in module Conv2D_param is has both Set and reset with same priority. This may cause simulation mismatches. Consider rewriting code  [C:/Users/AhmedAli/Desktop/SQYEEZE MODEL/SQYEEZE MODEL/Conv2D_param.sv:86]
WARNING: [Synth 8-5788] Register linebuf_reg[0][1][0] in module Conv2D_param is has both Set and reset with same priority. This may cause simulation mismatches. Consider rewriting code  [C:/Users/AhmedAli/Desktop/SQYEEZE MODEL/SQYEEZE MODEL/Conv2D_param.sv:86]
WARNING: [Synth 8-5788] Register linebuf_reg[0][0][1] in module Conv2D_param is has both Set and reset with same priority. This may cause simulation mismatches. Consider rewriting code  [C:/Users/AhmedAli/Desktop/SQYEEZE MODEL/SQYEEZE MODEL/Conv2D_param.sv:86]
WARNING: [Synth 8-5788] Register linebuf_reg[0][0][0] in module Conv2D_param is has both Set and reset with same priority. This may cause simulation mismatches. Consider rewriting code  [C:/Users/AhmedAli/Desktop/SQYEEZE MODEL/SQYEEZE MODEL/Conv2D_param.sv:86]
INFO: [Synth 8-6155] done synthesizing module 'Conv2D_param' (4#1) [C:/Users/AhmedAli/Desktop/SQYEEZE MODEL/SQYEEZE MODEL/Conv2D_param.sv:2]
INFO: [Synth 8-6157] synthesizing module 'Conv2D_specific' [C:/Users/AhmedAli/Desktop/SQYEEZE MODEL/SQYEEZE MODEL/Conv2D_specific.sv:2]
	Parameter IN_CHANNELS bound to: 16 - type: integer 
	Parameter OUT_CHANNELS bound to: 16 - type: integer 
	Parameter IN_HEIGHT bound to: 9 - type: integer 
	Parameter IN_WIDTH bound to: 9 - type: integer 
	Parameter KERNEL_SIZE bound to: 3 - type: integer 
INFO: [Synth 8-5534] Detected attribute (* ram_style = "distributed" *) [C:/Users/AhmedAli/Desktop/SQYEEZE MODEL/SQYEEZE MODEL/Conv2D_specific.sv:18]
INFO: [Synth 8-5534] Detected attribute (* ram_style = "distributed" *) [C:/Users/AhmedAli/Desktop/SQYEEZE MODEL/SQYEEZE MODEL/Conv2D_specific.sv:20]
INFO: [Synth 8-155] case statement is not full and has no default [C:/Users/AhmedAli/Desktop/SQYEEZE MODEL/SQYEEZE MODEL/Conv2D_specific.sv:82]
WARNING: [Synth 8-5856] 3D RAM kernel_reg  for this pattern/configuration is not supported. This will most likely be implemented in registers
WARNING: [Synth 8-5856] 3D RAM linebuf_reg  for this pattern/configuration is not supported. This will most likely be implemented in registers
WARNING: [Synth 8-6014] Unused sequential element conv_done_reg was removed.  [C:/Users/AhmedAli/Desktop/SQYEEZE MODEL/SQYEEZE MODEL/Conv2D_specific.sv:80]
WARNING: [Synth 8-5788] Register kernel_reg[15][15][2][2] in module Conv2D_specific is has both Set and reset with same priority. This may cause simulation mismatches. Consider rewriting code  [C:/Users/AhmedAli/Desktop/SQYEEZE MODEL/SQYEEZE MODEL/Conv2D_specific.sv:48]
WARNING: [Synth 8-5788] Register kernel_reg[15][15][2][1] in module Conv2D_specific is has both Set and reset with same priority. This may cause simulation mismatches. Consider rewriting code  [C:/Users/AhmedAli/Desktop/SQYEEZE MODEL/SQYEEZE MODEL/Conv2D_specific.sv:48]
WARNING: [Synth 8-5788] Register kernel_reg[15][15][2][0] in module Conv2D_specific is has both Set and reset with same priority. This may cause simulation mismatches. Consider rewriting code  [C:/Users/AhmedAli/Desktop/SQYEEZE MODEL/SQYEEZE MODEL/Conv2D_specific.sv:48]
WARNING: [Synth 8-5788] Register kernel_reg[15][15][1][2] in module Conv2D_specific is has both Set and reset with same priority. This may cause simulation mismatches. Consider rewriting code  [C:/Users/AhmedAli/Desktop/SQYEEZE MODEL/SQYEEZE MODEL/Conv2D_specific.sv:48]
WARNING: [Synth 8-5788] Register kernel_reg[15][15][1][1] in module Conv2D_specific is has both Set and reset with same priority. This may cause simulation mismatches. Consider rewriting code  [C:/Users/AhmedAli/Desktop/SQYEEZE MODEL/SQYEEZE MODEL/Conv2D_specific.sv:48]
WARNING: [Synth 8-5788] Register kernel_reg[15][15][1][0] in module Conv2D_specific is has both Set and reset with same priority. This may cause simulation mismatches. Consider rewriting code  [C:/Users/AhmedAli/Desktop/SQYEEZE MODEL/SQYEEZE MODEL/Conv2D_specific.sv:48]
WARNING: [Synth 8-5788] Register kernel_reg[15][15][0][2] in module Conv2D_specific is has both Set and reset with same priority. This may cause simulation mismatches. Consider rewriting code  [C:/Users/AhmedAli/Desktop/SQYEEZE MODEL/SQYEEZE MODEL/Conv2D_specific.sv:48]
WARNING: [Synth 8-5788] Register kernel_reg[15][15][0][1] in module Conv2D_specific is has both Set and reset with same priority. This may cause simulation mismatches. Consider rewriting code  [C:/Users/AhmedAli/Desktop/SQYEEZE MODEL/SQYEEZE MODEL/Conv2D_specific.sv:48]
WARNING: [Synth 8-5788] Register kernel_reg[15][15][0][0] in module Conv2D_specific is has both Set and reset with same priority. This may cause simulation mismatches. Consider rewriting code  [C:/Users/AhmedAli/Desktop/SQYEEZE MODEL/SQYEEZE MODEL/Conv2D_specific.sv:48]
WARNING: [Synth 8-5788] Register kernel_reg[15][14][2][2] in module Conv2D_specific is has both Set and reset with same priority. This may cause simulation mismatches. Consider rewriting code  [C:/Users/AhmedAli/Desktop/SQYEEZE MODEL/SQYEEZE MODEL/Conv2D_specific.sv:48]
WARNING: [Synth 8-5788] Register kernel_reg[15][14][2][1] in module Conv2D_specific is has both Set and reset with same priority. This may cause simulation mismatches. Consider rewriting code  [C:/Users/AhmedAli/Desktop/SQYEEZE MODEL/SQYEEZE MODEL/Conv2D_specific.sv:48]
WARNING: [Synth 8-5788] Register kernel_reg[15][14][2][0] in module Conv2D_specific is has both Set and reset with same priority. This may cause simulation mismatches. Consider rewriting code  [C:/Users/AhmedAli/Desktop/SQYEEZE MODEL/SQYEEZE MODEL/Conv2D_specific.sv:48]
WARNING: [Synth 8-5788] Register kernel_reg[15][14][1][2] in module Conv2D_specific is has both Set and reset with same priority. This may cause simulation mismatches. Consider rewriting code  [C:/Users/AhmedAli/Desktop/SQYEEZE MODEL/SQYEEZE MODEL/Conv2D_specific.sv:48]
WARNING: [Synth 8-5788] Register kernel_reg[15][14][1][1] in module Conv2D_specific is has both Set and reset with same priority. This may cause simulation mismatches. Consider rewriting code  [C:/Users/AhmedAli/Desktop/SQYEEZE MODEL/SQYEEZE MODEL/Conv2D_specific.sv:48]
WARNING: [Synth 8-5788] Register kernel_reg[15][14][1][0] in module Conv2D_specific is has both Set and reset with same priority. This may cause simulation mismatches. Consider rewriting code  [C:/Users/AhmedAli/Desktop/SQYEEZE MODEL/SQYEEZE MODEL/Conv2D_specific.sv:48]
WARNING: [Synth 8-5788] Register kernel_reg[15][14][0][2] in module Conv2D_specific is has both Set and reset with same priority. This may cause simulation mismatches. Consider rewriting code  [C:/Users/AhmedAli/Desktop/SQYEEZE MODEL/SQYEEZE MODEL/Conv2D_specific.sv:48]
WARNING: [Synth 8-5788] Register kernel_reg[15][14][0][1] in module Conv2D_specific is has both Set and reset with same priority. This may cause simulation mismatches. Consider rewriting code  [C:/Users/AhmedAli/Desktop/SQYEEZE MODEL/SQYEEZE MODEL/Conv2D_specific.sv:48]
WARNING: [Synth 8-5788] Register kernel_reg[15][14][0][0] in module Conv2D_specific is has both Set and reset with same priority. This may cause simulation mismatches. Consider rewriting code  [C:/Users/AhmedAli/Desktop/SQYEEZE MODEL/SQYEEZE MODEL/Conv2D_specific.sv:48]
WARNING: [Synth 8-5788] Register kernel_reg[15][13][2][2] in module Conv2D_specific is has both Set and reset with same priority. This may cause simulation mismatches. Consider rewriting code  [C:/Users/AhmedAli/Desktop/SQYEEZE MODEL/SQYEEZE MODEL/Conv2D_specific.sv:48]
WARNING: [Synth 8-5788] Register kernel_reg[15][13][2][1] in module Conv2D_specific is has both Set and reset with same priority. This may cause simulation mismatches. Consider rewriting code  [C:/Users/AhmedAli/Desktop/SQYEEZE MODEL/SQYEEZE MODEL/Conv2D_specific.sv:48]
WARNING: [Synth 8-5788] Register kernel_reg[15][13][2][0] in module Conv2D_specific is has both Set and reset with same priority. This may cause simulation mismatches. Consider rewriting code  [C:/Users/AhmedAli/Desktop/SQYEEZE MODEL/SQYEEZE MODEL/Conv2D_specific.sv:48]
WARNING: [Synth 8-5788] Register kernel_reg[15][13][1][2] in module Conv2D_specific is has both Set and reset with same priority. This may cause simulation mismatches. Consider rewriting code  [C:/Users/AhmedAli/Desktop/SQYEEZE MODEL/SQYEEZE MODEL/Conv2D_specific.sv:48]
WARNING: [Synth 8-5788] Register kernel_reg[15][13][1][1] in module Conv2D_specific is has both Set and reset with same priority. This may cause simulation mismatches. Consider rewriting code  [C:/Users/AhmedAli/Desktop/SQYEEZE MODEL/SQYEEZE MODEL/Conv2D_specific.sv:48]
WARNING: [Synth 8-5788] Register kernel_reg[15][13][1][0] in module Conv2D_specific is has both Set and reset with same priority. This may cause simulation mismatches. Consider rewriting code  [C:/Users/AhmedAli/Desktop/SQYEEZE MODEL/SQYEEZE MODEL/Conv2D_specific.sv:48]
WARNING: [Synth 8-5788] Register kernel_reg[15][13][0][2] in module Conv2D_specific is has both Set and reset with same priority. This may cause simulation mismatches. Consider rewriting code  [C:/Users/AhmedAli/Desktop/SQYEEZE MODEL/SQYEEZE MODEL/Conv2D_specific.sv:48]
WARNING: [Synth 8-5788] Register kernel_reg[15][13][0][1] in module Conv2D_specific is has both Set and reset with same priority. This may cause simulation mismatches. Consider rewriting code  [C:/Users/AhmedAli/Desktop/SQYEEZE MODEL/SQYEEZE MODEL/Conv2D_specific.sv:48]
WARNING: [Synth 8-5788] Register kernel_reg[15][13][0][0] in module Conv2D_specific is has both Set and reset with same priority. This may cause simulation mismatches. Consider rewriting code  [C:/Users/AhmedAli/Desktop/SQYEEZE MODEL/SQYEEZE MODEL/Conv2D_specific.sv:48]
WARNING: [Synth 8-5788] Register kernel_reg[15][12][2][2] in module Conv2D_specific is has both Set and reset with same priority. This may cause simulation mismatches. Consider rewriting code  [C:/Users/AhmedAli/Desktop/SQYEEZE MODEL/SQYEEZE MODEL/Conv2D_specific.sv:48]
WARNING: [Synth 8-5788] Register kernel_reg[15][12][2][1] in module Conv2D_specific is has both Set and reset with same priority. This may cause simulation mismatches. Consider rewriting code  [C:/Users/AhmedAli/Desktop/SQYEEZE MODEL/SQYEEZE MODEL/Conv2D_specific.sv:48]
WARNING: [Synth 8-5788] Register kernel_reg[15][12][2][0] in module Conv2D_specific is has both Set and reset with same priority. This may cause simulation mismatches. Consider rewriting code  [C:/Users/AhmedAli/Desktop/SQYEEZE MODEL/SQYEEZE MODEL/Conv2D_specific.sv:48]
WARNING: [Synth 8-5788] Register kernel_reg[15][12][1][2] in module Conv2D_specific is has both Set and reset with same priority. This may cause simulation mismatches. Consider rewriting code  [C:/Users/AhmedAli/Desktop/SQYEEZE MODEL/SQYEEZE MODEL/Conv2D_specific.sv:48]
WARNING: [Synth 8-5788] Register kernel_reg[15][12][1][1] in module Conv2D_specific is has both Set and reset with same priority. This may cause simulation mismatches. Consider rewriting code  [C:/Users/AhmedAli/Desktop/SQYEEZE MODEL/SQYEEZE MODEL/Conv2D_specific.sv:48]
WARNING: [Synth 8-5788] Register kernel_reg[15][12][1][0] in module Conv2D_specific is has both Set and reset with same priority. This may cause simulation mismatches. Consider rewriting code  [C:/Users/AhmedAli/Desktop/SQYEEZE MODEL/SQYEEZE MODEL/Conv2D_specific.sv:48]
WARNING: [Synth 8-5788] Register kernel_reg[15][12][0][2] in module Conv2D_specific is has both Set and reset with same priority. This may cause simulation mismatches. Consider rewriting code  [C:/Users/AhmedAli/Desktop/SQYEEZE MODEL/SQYEEZE MODEL/Conv2D_specific.sv:48]
WARNING: [Synth 8-5788] Register kernel_reg[15][12][0][1] in module Conv2D_specific is has both Set and reset with same priority. This may cause simulation mismatches. Consider rewriting code  [C:/Users/AhmedAli/Desktop/SQYEEZE MODEL/SQYEEZE MODEL/Conv2D_specific.sv:48]
WARNING: [Synth 8-5788] Register kernel_reg[15][12][0][0] in module Conv2D_specific is has both Set and reset with same priority. This may cause simulation mismatches. Consider rewriting code  [C:/Users/AhmedAli/Desktop/SQYEEZE MODEL/SQYEEZE MODEL/Conv2D_specific.sv:48]
WARNING: [Synth 8-5788] Register kernel_reg[15][11][2][2] in module Conv2D_specific is has both Set and reset with same priority. This may cause simulation mismatches. Consider rewriting code  [C:/Users/AhmedAli/Desktop/SQYEEZE MODEL/SQYEEZE MODEL/Conv2D_specific.sv:48]
WARNING: [Synth 8-5788] Register kernel_reg[15][11][2][1] in module Conv2D_specific is has both Set and reset with same priority. This may cause simulation mismatches. Consider rewriting code  [C:/Users/AhmedAli/Desktop/SQYEEZE MODEL/SQYEEZE MODEL/Conv2D_specific.sv:48]
WARNING: [Synth 8-5788] Register kernel_reg[15][11][2][0] in module Conv2D_specific is has both Set and reset with same priority. This may cause simulation mismatches. Consider rewriting code  [C:/Users/AhmedAli/Desktop/SQYEEZE MODEL/SQYEEZE MODEL/Conv2D_specific.sv:48]
WARNING: [Synth 8-5788] Register kernel_reg[15][11][1][2] in module Conv2D_specific is has both Set and reset with same priority. This may cause simulation mismatches. Consider rewriting code  [C:/Users/AhmedAli/Desktop/SQYEEZE MODEL/SQYEEZE MODEL/Conv2D_specific.sv:48]
WARNING: [Synth 8-5788] Register kernel_reg[15][11][1][1] in module Conv2D_specific is has both Set and reset with same priority. This may cause simulation mismatches. Consider rewriting code  [C:/Users/AhmedAli/Desktop/SQYEEZE MODEL/SQYEEZE MODEL/Conv2D_specific.sv:48]
WARNING: [Synth 8-5788] Register kernel_reg[15][11][1][0] in module Conv2D_specific is has both Set and reset with same priority. This may cause simulation mismatches. Consider rewriting code  [C:/Users/AhmedAli/Desktop/SQYEEZE MODEL/SQYEEZE MODEL/Conv2D_specific.sv:48]
WARNING: [Synth 8-5788] Register kernel_reg[15][11][0][2] in module Conv2D_specific is has both Set and reset with same priority. This may cause simulation mismatches. Consider rewriting code  [C:/Users/AhmedAli/Desktop/SQYEEZE MODEL/SQYEEZE MODEL/Conv2D_specific.sv:48]
WARNING: [Synth 8-5788] Register kernel_reg[15][11][0][1] in module Conv2D_specific is has both Set and reset with same priority. This may cause simulation mismatches. Consider rewriting code  [C:/Users/AhmedAli/Desktop/SQYEEZE MODEL/SQYEEZE MODEL/Conv2D_specific.sv:48]
WARNING: [Synth 8-5788] Register kernel_reg[15][11][0][0] in module Conv2D_specific is has both Set and reset with same priority. This may cause simulation mismatches. Consider rewriting code  [C:/Users/AhmedAli/Desktop/SQYEEZE MODEL/SQYEEZE MODEL/Conv2D_specific.sv:48]
WARNING: [Synth 8-5788] Register kernel_reg[15][10][2][2] in module Conv2D_specific is has both Set and reset with same priority. This may cause simulation mismatches. Consider rewriting code  [C:/Users/AhmedAli/Desktop/SQYEEZE MODEL/SQYEEZE MODEL/Conv2D_specific.sv:48]
WARNING: [Synth 8-5788] Register kernel_reg[15][10][2][1] in module Conv2D_specific is has both Set and reset with same priority. This may cause simulation mismatches. Consider rewriting code  [C:/Users/AhmedAli/Desktop/SQYEEZE MODEL/SQYEEZE MODEL/Conv2D_specific.sv:48]
WARNING: [Synth 8-5788] Register kernel_reg[15][10][2][0] in module Conv2D_specific is has both Set and reset with same priority. This may cause simulation mismatches. Consider rewriting code  [C:/Users/AhmedAli/Desktop/SQYEEZE MODEL/SQYEEZE MODEL/Conv2D_specific.sv:48]
WARNING: [Synth 8-5788] Register kernel_reg[15][10][1][2] in module Conv2D_specific is has both Set and reset with same priority. This may cause simulation mismatches. Consider rewriting code  [C:/Users/AhmedAli/Desktop/SQYEEZE MODEL/SQYEEZE MODEL/Conv2D_specific.sv:48]
WARNING: [Synth 8-5788] Register kernel_reg[15][10][1][1] in module Conv2D_specific is has both Set and reset with same priority. This may cause simulation mismatches. Consider rewriting code  [C:/Users/AhmedAli/Desktop/SQYEEZE MODEL/SQYEEZE MODEL/Conv2D_specific.sv:48]
WARNING: [Synth 8-5788] Register kernel_reg[15][10][1][0] in module Conv2D_specific is has both Set and reset with same priority. This may cause simulation mismatches. Consider rewriting code  [C:/Users/AhmedAli/Desktop/SQYEEZE MODEL/SQYEEZE MODEL/Conv2D_specific.sv:48]
WARNING: [Synth 8-5788] Register kernel_reg[15][10][0][2] in module Conv2D_specific is has both Set and reset with same priority. This may cause simulation mismatches. Consider rewriting code  [C:/Users/AhmedAli/Desktop/SQYEEZE MODEL/SQYEEZE MODEL/Conv2D_specific.sv:48]
WARNING: [Synth 8-5788] Register kernel_reg[15][10][0][1] in module Conv2D_specific is has both Set and reset with same priority. This may cause simulation mismatches. Consider rewriting code  [C:/Users/AhmedAli/Desktop/SQYEEZE MODEL/SQYEEZE MODEL/Conv2D_specific.sv:48]
WARNING: [Synth 8-5788] Register kernel_reg[15][10][0][0] in module Conv2D_specific is has both Set and reset with same priority. This may cause simulation mismatches. Consider rewriting code  [C:/Users/AhmedAli/Desktop/SQYEEZE MODEL/SQYEEZE MODEL/Conv2D_specific.sv:48]
WARNING: [Synth 8-5788] Register kernel_reg[15][9][2][2] in module Conv2D_specific is has both Set and reset with same priority. This may cause simulation mismatches. Consider rewriting code  [C:/Users/AhmedAli/Desktop/SQYEEZE MODEL/SQYEEZE MODEL/Conv2D_specific.sv:48]
WARNING: [Synth 8-5788] Register kernel_reg[15][9][2][1] in module Conv2D_specific is has both Set and reset with same priority. This may cause simulation mismatches. Consider rewriting code  [C:/Users/AhmedAli/Desktop/SQYEEZE MODEL/SQYEEZE MODEL/Conv2D_specific.sv:48]
WARNING: [Synth 8-5788] Register kernel_reg[15][9][2][0] in module Conv2D_specific is has both Set and reset with same priority. This may cause simulation mismatches. Consider rewriting code  [C:/Users/AhmedAli/Desktop/SQYEEZE MODEL/SQYEEZE MODEL/Conv2D_specific.sv:48]
WARNING: [Synth 8-5788] Register kernel_reg[15][9][1][2] in module Conv2D_specific is has both Set and reset with same priority. This may cause simulation mismatches. Consider rewriting code  [C:/Users/AhmedAli/Desktop/SQYEEZE MODEL/SQYEEZE MODEL/Conv2D_specific.sv:48]
WARNING: [Synth 8-5788] Register kernel_reg[15][9][1][1] in module Conv2D_specific is has both Set and reset with same priority. This may cause simulation mismatches. Consider rewriting code  [C:/Users/AhmedAli/Desktop/SQYEEZE MODEL/SQYEEZE MODEL/Conv2D_specific.sv:48]
WARNING: [Synth 8-5788] Register kernel_reg[15][9][1][0] in module Conv2D_specific is has both Set and reset with same priority. This may cause simulation mismatches. Consider rewriting code  [C:/Users/AhmedAli/Desktop/SQYEEZE MODEL/SQYEEZE MODEL/Conv2D_specific.sv:48]
WARNING: [Synth 8-5788] Register kernel_reg[15][9][0][2] in module Conv2D_specific is has both Set and reset with same priority. This may cause simulation mismatches. Consider rewriting code  [C:/Users/AhmedAli/Desktop/SQYEEZE MODEL/SQYEEZE MODEL/Conv2D_specific.sv:48]
WARNING: [Synth 8-5788] Register kernel_reg[15][9][0][1] in module Conv2D_specific is has both Set and reset with same priority. This may cause simulation mismatches. Consider rewriting code  [C:/Users/AhmedAli/Desktop/SQYEEZE MODEL/SQYEEZE MODEL/Conv2D_specific.sv:48]
WARNING: [Synth 8-5788] Register kernel_reg[15][9][0][0] in module Conv2D_specific is has both Set and reset with same priority. This may cause simulation mismatches. Consider rewriting code  [C:/Users/AhmedAli/Desktop/SQYEEZE MODEL/SQYEEZE MODEL/Conv2D_specific.sv:48]
WARNING: [Synth 8-5788] Register kernel_reg[15][8][2][2] in module Conv2D_specific is has both Set and reset with same priority. This may cause simulation mismatches. Consider rewriting code  [C:/Users/AhmedAli/Desktop/SQYEEZE MODEL/SQYEEZE MODEL/Conv2D_specific.sv:48]
WARNING: [Synth 8-5788] Register kernel_reg[15][8][2][1] in module Conv2D_specific is has both Set and reset with same priority. This may cause simulation mismatches. Consider rewriting code  [C:/Users/AhmedAli/Desktop/SQYEEZE MODEL/SQYEEZE MODEL/Conv2D_specific.sv:48]
WARNING: [Synth 8-5788] Register kernel_reg[15][8][2][0] in module Conv2D_specific is has both Set and reset with same priority. This may cause simulation mismatches. Consider rewriting code  [C:/Users/AhmedAli/Desktop/SQYEEZE MODEL/SQYEEZE MODEL/Conv2D_specific.sv:48]
WARNING: [Synth 8-5788] Register kernel_reg[15][8][1][2] in module Conv2D_specific is has both Set and reset with same priority. This may cause simulation mismatches. Consider rewriting code  [C:/Users/AhmedAli/Desktop/SQYEEZE MODEL/SQYEEZE MODEL/Conv2D_specific.sv:48]
WARNING: [Synth 8-5788] Register kernel_reg[15][8][1][1] in module Conv2D_specific is has both Set and reset with same priority. This may cause simulation mismatches. Consider rewriting code  [C:/Users/AhmedAli/Desktop/SQYEEZE MODEL/SQYEEZE MODEL/Conv2D_specific.sv:48]
WARNING: [Synth 8-5788] Register kernel_reg[15][8][1][0] in module Conv2D_specific is has both Set and reset with same priority. This may cause simulation mismatches. Consider rewriting code  [C:/Users/AhmedAli/Desktop/SQYEEZE MODEL/SQYEEZE MODEL/Conv2D_specific.sv:48]
WARNING: [Synth 8-5788] Register kernel_reg[15][8][0][2] in module Conv2D_specific is has both Set and reset with same priority. This may cause simulation mismatches. Consider rewriting code  [C:/Users/AhmedAli/Desktop/SQYEEZE MODEL/SQYEEZE MODEL/Conv2D_specific.sv:48]
WARNING: [Synth 8-5788] Register kernel_reg[15][8][0][1] in module Conv2D_specific is has both Set and reset with same priority. This may cause simulation mismatches. Consider rewriting code  [C:/Users/AhmedAli/Desktop/SQYEEZE MODEL/SQYEEZE MODEL/Conv2D_specific.sv:48]
WARNING: [Synth 8-5788] Register kernel_reg[15][8][0][0] in module Conv2D_specific is has both Set and reset with same priority. This may cause simulation mismatches. Consider rewriting code  [C:/Users/AhmedAli/Desktop/SQYEEZE MODEL/SQYEEZE MODEL/Conv2D_specific.sv:48]
WARNING: [Synth 8-5788] Register kernel_reg[15][7][2][2] in module Conv2D_specific is has both Set and reset with same priority. This may cause simulation mismatches. Consider rewriting code  [C:/Users/AhmedAli/Desktop/SQYEEZE MODEL/SQYEEZE MODEL/Conv2D_specific.sv:48]
WARNING: [Synth 8-5788] Register kernel_reg[15][7][2][1] in module Conv2D_specific is has both Set and reset with same priority. This may cause simulation mismatches. Consider rewriting code  [C:/Users/AhmedAli/Desktop/SQYEEZE MODEL/SQYEEZE MODEL/Conv2D_specific.sv:48]
WARNING: [Synth 8-5788] Register kernel_reg[15][7][2][0] in module Conv2D_specific is has both Set and reset with same priority. This may cause simulation mismatches. Consider rewriting code  [C:/Users/AhmedAli/Desktop/SQYEEZE MODEL/SQYEEZE MODEL/Conv2D_specific.sv:48]
WARNING: [Synth 8-5788] Register kernel_reg[15][7][1][2] in module Conv2D_specific is has both Set and reset with same priority. This may cause simulation mismatches. Consider rewriting code  [C:/Users/AhmedAli/Desktop/SQYEEZE MODEL/SQYEEZE MODEL/Conv2D_specific.sv:48]
WARNING: [Synth 8-5788] Register kernel_reg[15][7][1][1] in module Conv2D_specific is has both Set and reset with same priority. This may cause simulation mismatches. Consider rewriting code  [C:/Users/AhmedAli/Desktop/SQYEEZE MODEL/SQYEEZE MODEL/Conv2D_specific.sv:48]
WARNING: [Synth 8-5788] Register kernel_reg[15][7][1][0] in module Conv2D_specific is has both Set and reset with same priority. This may cause simulation mismatches. Consider rewriting code  [C:/Users/AhmedAli/Desktop/SQYEEZE MODEL/SQYEEZE MODEL/Conv2D_specific.sv:48]
WARNING: [Synth 8-5788] Register kernel_reg[15][7][0][2] in module Conv2D_specific is has both Set and reset with same priority. This may cause simulation mismatches. Consider rewriting code  [C:/Users/AhmedAli/Desktop/SQYEEZE MODEL/SQYEEZE MODEL/Conv2D_specific.sv:48]
WARNING: [Synth 8-5788] Register kernel_reg[15][7][0][1] in module Conv2D_specific is has both Set and reset with same priority. This may cause simulation mismatches. Consider rewriting code  [C:/Users/AhmedAli/Desktop/SQYEEZE MODEL/SQYEEZE MODEL/Conv2D_specific.sv:48]
WARNING: [Synth 8-5788] Register kernel_reg[15][7][0][0] in module Conv2D_specific is has both Set and reset with same priority. This may cause simulation mismatches. Consider rewriting code  [C:/Users/AhmedAli/Desktop/SQYEEZE MODEL/SQYEEZE MODEL/Conv2D_specific.sv:48]
WARNING: [Synth 8-5788] Register kernel_reg[15][6][2][2] in module Conv2D_specific is has both Set and reset with same priority. This may cause simulation mismatches. Consider rewriting code  [C:/Users/AhmedAli/Desktop/SQYEEZE MODEL/SQYEEZE MODEL/Conv2D_specific.sv:48]
WARNING: [Synth 8-5788] Register kernel_reg[15][6][2][1] in module Conv2D_specific is has both Set and reset with same priority. This may cause simulation mismatches. Consider rewriting code  [C:/Users/AhmedAli/Desktop/SQYEEZE MODEL/SQYEEZE MODEL/Conv2D_specific.sv:48]
WARNING: [Synth 8-5788] Register kernel_reg[15][6][2][0] in module Conv2D_specific is has both Set and reset with same priority. This may cause simulation mismatches. Consider rewriting code  [C:/Users/AhmedAli/Desktop/SQYEEZE MODEL/SQYEEZE MODEL/Conv2D_specific.sv:48]
WARNING: [Synth 8-5788] Register kernel_reg[15][6][1][2] in module Conv2D_specific is has both Set and reset with same priority. This may cause simulation mismatches. Consider rewriting code  [C:/Users/AhmedAli/Desktop/SQYEEZE MODEL/SQYEEZE MODEL/Conv2D_specific.sv:48]
WARNING: [Synth 8-5788] Register kernel_reg[15][6][1][1] in module Conv2D_specific is has both Set and reset with same priority. This may cause simulation mismatches. Consider rewriting code  [C:/Users/AhmedAli/Desktop/SQYEEZE MODEL/SQYEEZE MODEL/Conv2D_specific.sv:48]
WARNING: [Synth 8-5788] Register kernel_reg[15][6][1][0] in module Conv2D_specific is has both Set and reset with same priority. This may cause simulation mismatches. Consider rewriting code  [C:/Users/AhmedAli/Desktop/SQYEEZE MODEL/SQYEEZE MODEL/Conv2D_specific.sv:48]
WARNING: [Synth 8-5788] Register kernel_reg[15][6][0][2] in module Conv2D_specific is has both Set and reset with same priority. This may cause simulation mismatches. Consider rewriting code  [C:/Users/AhmedAli/Desktop/SQYEEZE MODEL/SQYEEZE MODEL/Conv2D_specific.sv:48]
WARNING: [Synth 8-5788] Register kernel_reg[15][6][0][1] in module Conv2D_specific is has both Set and reset with same priority. This may cause simulation mismatches. Consider rewriting code  [C:/Users/AhmedAli/Desktop/SQYEEZE MODEL/SQYEEZE MODEL/Conv2D_specific.sv:48]
WARNING: [Synth 8-5788] Register kernel_reg[15][6][0][0] in module Conv2D_specific is has both Set and reset with same priority. This may cause simulation mismatches. Consider rewriting code  [C:/Users/AhmedAli/Desktop/SQYEEZE MODEL/SQYEEZE MODEL/Conv2D_specific.sv:48]
WARNING: [Synth 8-5788] Register kernel_reg[15][5][2][2] in module Conv2D_specific is has both Set and reset with same priority. This may cause simulation mismatches. Consider rewriting code  [C:/Users/AhmedAli/Desktop/SQYEEZE MODEL/SQYEEZE MODEL/Conv2D_specific.sv:48]
WARNING: [Synth 8-5788] Register kernel_reg[15][5][2][1] in module Conv2D_specific is has both Set and reset with same priority. This may cause simulation mismatches. Consider rewriting code  [C:/Users/AhmedAli/Desktop/SQYEEZE MODEL/SQYEEZE MODEL/Conv2D_specific.sv:48]
INFO: [Common 17-14] Message 'Synth 8-5788' appears 100 times and further instances of the messages will be disabled. Use the Tcl command set_msg_config to change the current settings.
INFO: [Synth 8-6155] done synthesizing module 'Conv2D_specific' (5#1) [C:/Users/AhmedAli/Desktop/SQYEEZE MODEL/SQYEEZE MODEL/Conv2D_specific.sv:2]
INFO: [Synth 8-6157] synthesizing module 'HardSwishSigmoid' [C:/Users/AhmedAli/Desktop/SQYEEZE MODEL/SQYEEZE MODEL/HardSwishSigmoid.sv:2]
	Parameter DATA_WIDTH bound to: 16 - type: integer 
WARNING: [Synth 8-6014] Unused sequential element in_reg_reg was removed.  [C:/Users/AhmedAli/Desktop/SQYEEZE MODEL/SQYEEZE MODEL/HardSwishSigmoid.sv:18]
INFO: [Synth 8-6155] done synthesizing module 'HardSwishSigmoid' (6#1) [C:/Users/AhmedAli/Desktop/SQYEEZE MODEL/SQYEEZE MODEL/HardSwishSigmoid.sv:2]
INFO: [Synth 8-6155] done synthesizing module 'top_all_layers' (7#1) [C:/Users/AhmedAli/Desktop/SQYEEZE MODEL/SQYEEZE MODEL/top_all_layers.sv:2]
---------------------------------------------------------------------------------
Finished Synthesize : Time (s): cpu = 00:00:54 ; elapsed = 00:01:09 . Memory (MB): peak = 1197.395 ; gain = 722.746
---------------------------------------------------------------------------------
---------------------------------------------------------------------------------
Finished Constraint Validation : Time (s): cpu = 00:00:57 ; elapsed = 00:01:14 . Memory (MB): peak = 1197.395 ; gain = 722.746
---------------------------------------------------------------------------------
INFO: [Synth 8-5580] Multithreading enabled for synth_design using a maximum of 2 processes.
---------------------------------------------------------------------------------
Start Loading Part and Timing Information
---------------------------------------------------------------------------------
Loading part: xc7z020clg400-2
INFO: [Synth 8-5818] HDL ADVISOR - The operator resource <adder> is shared. To prevent sharing consider applying a KEEP on the output of the operator [C:/Users/AhmedAli/Desktop/SQYEEZE MODEL/SQYEEZE MODEL/BatchNorm_param.sv:36]
INFO: [Synth 8-802] inferred FSM for state register 'state_reg' in module 'Conv2D_param'
---------------------------------------------------------------------------------------------------
                   State |                     New Encoding |                Previous Encoding 
---------------------------------------------------------------------------------------------------
                    IDLE |                              001 |                               00
                 COMPUTE |                              010 |                               01
                  OUTPUT |                              100 |                               10
---------------------------------------------------------------------------------------------------
INFO: [Synth 8-3354] encoded FSM with state register 'state_reg' using encoding 'one-hot' in module 'Conv2D_param'
---------------------------------------------------------------------------------
Finished RTL Optimization Phase 2 : Time (s): cpu = 00:01:49 ; elapsed = 00:02:14 . Memory (MB): peak = 1197.395 ; gain = 722.746
---------------------------------------------------------------------------------

Report RTL Partitions: 
+------+---------------------+------------+----------+
|      |RTL Partition        |Replication |Instances |
+------+---------------------+------------+----------+
|1     |Conv2D_specific__GB0 |           1|     23389|
|2     |Conv2D_specific__GB1 |           1|     17929|
|3     |Conv2D_specific__GB2 |           1|     10945|
|4     |Conv2D_specific__GB3 |           1|     15713|
|5     |Conv2D_specific__GB4 |           1|     17830|
|6     |Conv2D_specific__GB5 |           1|     22890|
|7     |top_all_layers__GC0  |           1|      4988|
+------+---------------------+------------+----------+
No constraint files found.
---------------------------------------------------------------------------------
Start RTL Component Statistics 
---------------------------------------------------------------------------------
Detailed RTL Component Info : 
+---Adders : 
	   2 Input     32 Bit       Adders := 3     
	   2 Input     24 Bit       Adders := 1     
	   2 Input     16 Bit       Adders := 5     
	   3 Input     16 Bit       Adders := 2     
	   2 Input     12 Bit       Adders := 1     
	   2 Input     11 Bit       Adders := 1     
	   2 Input      5 Bit       Adders := 2     
	   2 Input      4 Bit       Adders := 5     
	   2 Input      2 Bit       Adders := 9     
	   2 Input      1 Bit       Adders := 5     
+---Registers : 
	               32 Bit    Registers := 1     
	               24 Bit    Registers := 2     
	               16 Bit    Registers := 2752  
	               12 Bit    Registers := 1     
	               11 Bit    Registers := 1     
	                4 Bit    Registers := 2     
	                2 Bit    Registers := 3     
	                1 Bit    Registers := 10    
+---Muxes : 
	   4 Input     32 Bit        Muxes := 1     
	   2 Input     32 Bit        Muxes := 2     
	   2 Input     24 Bit        Muxes := 2     
	   3 Input     24 Bit        Muxes := 1     
	   3 Input     16 Bit        Muxes := 13    
	   2 Input     16 Bit        Muxes := 15    
	   2 Input     12 Bit        Muxes := 1     
	   2 Input      4 Bit        Muxes := 15    
	   4 Input      4 Bit        Muxes := 1     
	   3 Input      3 Bit        Muxes := 1     
	   2 Input      3 Bit        Muxes := 1     
	   2 Input      2 Bit        Muxes := 26    
	   4 Input      2 Bit        Muxes := 2     
	   3 Input      2 Bit        Muxes := 1     
	   2 Input      1 Bit        Muxes := 2958  
	   4 Input      1 Bit        Muxes := 438   
	   3 Input      1 Bit        Muxes := 9     
---------------------------------------------------------------------------------
Finished RTL Component Statistics 
---------------------------------------------------------------------------------
---------------------------------------------------------------------------------
Start RTL Hierarchical Component Statistics 
---------------------------------------------------------------------------------
Hierarchical RTL Component report 
Module Conv2D_specific 
Detailed RTL Component Info : 
+---Adders : 
	   2 Input     12 Bit       Adders := 1     
	   2 Input     11 Bit       Adders := 1     
	   2 Input      5 Bit       Adders := 2     
	   2 Input      4 Bit       Adders := 5     
	   2 Input      2 Bit       Adders := 2     
+---Registers : 
	               32 Bit    Registers := 1     
	               16 Bit    Registers := 2737  
	               12 Bit    Registers := 1     
	               11 Bit    Registers := 1     
	                4 Bit    Registers := 2     
	                1 Bit    Registers := 2     
+---Muxes : 
	   4 Input     32 Bit        Muxes := 1     
	   3 Input     16 Bit        Muxes := 13    
	   2 Input     12 Bit        Muxes := 1     
	   2 Input      4 Bit        Muxes := 15    
	   4 Input      4 Bit        Muxes := 1     
	   2 Input      2 Bit        Muxes := 10    
	   4 Input      2 Bit        Muxes := 2     
	   2 Input      1 Bit        Muxes := 2934  
	   4 Input      1 Bit        Muxes := 438   
Module AdaptiveAvgPool2d_1x1 
Detailed RTL Component Info : 
+---Adders : 
	   2 Input     24 Bit       Adders := 1     
	   2 Input      2 Bit       Adders := 2     
+---Registers : 
	               24 Bit    Registers := 1     
	               16 Bit    Registers := 1     
	                2 Bit    Registers := 2     
	                1 Bit    Registers := 1     
+---Muxes : 
	   2 Input     24 Bit        Muxes := 2     
	   2 Input      2 Bit        Muxes := 2     
	   2 Input      1 Bit        Muxes := 2     
Module BatchNorm_param 
Detailed RTL Component Info : 
+---Adders : 
	   2 Input     16 Bit       Adders := 2     
	   3 Input     16 Bit       Adders := 2     
+---Registers : 
	               16 Bit    Registers := 1     
	                1 Bit    Registers := 1     
+---Muxes : 
	   2 Input     16 Bit        Muxes := 4     
Module ReLU_param 
Detailed RTL Component Info : 
+---Registers : 
	               16 Bit    Registers := 1     
	                1 Bit    Registers := 1     
+---Muxes : 
	   2 Input     16 Bit        Muxes := 1     
Module Conv2D_param 
Detailed RTL Component Info : 
+---Adders : 
	   2 Input      2 Bit       Adders := 5     
	   2 Input      1 Bit       Adders := 5     
+---Registers : 
	               24 Bit    Registers := 1     
	               16 Bit    Registers := 9     
	                2 Bit    Registers := 1     
	                1 Bit    Registers := 4     
+---Muxes : 
	   3 Input     24 Bit        Muxes := 1     
	   2 Input     16 Bit        Muxes := 6     
	   3 Input      3 Bit        Muxes := 1     
	   2 Input      3 Bit        Muxes := 1     
	   2 Input      2 Bit        Muxes := 14    
	   3 Input      2 Bit        Muxes := 1     
	   2 Input      1 Bit        Muxes := 22    
	   3 Input      1 Bit        Muxes := 9     
Module HardSwishSigmoid 
Detailed RTL Component Info : 
+---Adders : 
	   2 Input     32 Bit       Adders := 3     
	   2 Input     16 Bit       Adders := 3     
+---Registers : 
	               16 Bit    Registers := 3     
	                1 Bit    Registers := 1     
+---Muxes : 
	   2 Input     32 Bit        Muxes := 2     
	   2 Input     16 Bit        Muxes := 4     
---------------------------------------------------------------------------------
Finished RTL Hierarchical Component Statistics
---------------------------------------------------------------------------------
---------------------------------------------------------------------------------
Start Part Resource Summary
---------------------------------------------------------------------------------
Part Resources:
DSPs: 220 (col length:60)
BRAMs: 280 (col length: RAMB18 60 RAMB36 30)
---------------------------------------------------------------------------------
Finished Part Resource Summary
---------------------------------------------------------------------------------
No constraint files found.
---------------------------------------------------------------------------------
Start Cross Boundary and Area Optimization
---------------------------------------------------------------------------------
DSP Report: Generating DSP out_reg5, operation Mode is: A*B.
DSP Report: operator out_reg5 is absorbed into DSP out_reg5.
DSP Report: Generating DSP acc0, operation Mode is: C+A*B.
DSP Report: operator acc0 is absorbed into DSP acc0.
DSP Report: operator acc1 is absorbed into DSP acc0.
DSP Report: Generating DSP hswish_reg3, operation Mode is: A*B.
DSP Report: operator hswish_reg3 is absorbed into DSP hswish_reg3.
DSP Report: Generating DSP acc0, operation Mode is: C+A*B.
DSP Report: operator acc0 is absorbed into DSP acc0.
DSP Report: operator acc1 is absorbed into DSP acc0.
---------------------------------------------------------------------------------
Finished Cross Boundary and Area Optimization : Time (s): cpu = 00:02:23 ; elapsed = 00:03:12 . Memory (MB): peak = 1197.395 ; gain = 722.746
---------------------------------------------------------------------------------
---------------------------------------------------------------------------------
Start ROM, RAM, DSP and Shift Register Reporting
---------------------------------------------------------------------------------

DSP: Preliminary Mapping	Report (see note below)
+-----------------+-------------+--------+--------+--------+--------+--------+------+------+------+------+-------+------+------+
|Module Name      | DSP Mapping | A Size | B Size | C Size | D Size | P Size | AREG | BREG | CREG | DREG | ADREG | MREG | PREG | 
+-----------------+-------------+--------+--------+--------+--------+--------+------+------+------+------+-------+------+------+
|BatchNorm_param  | A*B         | 16     | 16     | -      | -      | 32     | 0    | 0    | -    | -    | -     | 0    | 0    | 
|Conv2D_param     | C+A*B       | 16     | 16     | 24     | -      | 24     | 0    | 0    | 0    | -    | -     | 0    | 0    | 
|HardSwishSigmoid | A*B         | 16     | 16     | -      | -      | 32     | 0    | 0    | -    | -    | -     | 0    | 0    | 
|Conv2D_specific  | C+A*B       | 16     | 16     | 32     | -      | 32     | 0    | 0    | 0    | -    | -     | 0    | 0    | 
+-----------------+-------------+--------+--------+--------+--------+--------+------+------+------+------+-------+------+------+

Note: The table above is a preliminary report that shows the DSPs inferred at the current stage of the synthesis flow. Some DSP may be reimplemented as non DSP primitives later in the synthesis flow. Multiple instantiated DSPs are reported only once.
---------------------------------------------------------------------------------
Finished ROM, RAM, DSP and Shift Register Reporting
---------------------------------------------------------------------------------
INFO: [Synth 8-5844] Detected registers with asynchronous reset at DSP/BRAM block boundary. Consider using synchronous reset for optimal packing [C:/Users/AhmedAli/Desktop/SQYEEZE MODEL/SQYEEZE MODEL/Conv2D_specific.sv:73]
INFO: [Synth 8-5844] Detected registers with asynchronous reset at DSP/BRAM block boundary. Consider using synchronous reset for optimal packing [C:/Users/AhmedAli/Desktop/SQYEEZE MODEL/SQYEEZE MODEL/HardSwishSigmoid.sv:19]
INFO: [Synth 8-5844] Detected registers with asynchronous reset at DSP/BRAM block boundary. Consider using synchronous reset for optimal packing [C:/Users/AhmedAli/Desktop/SQYEEZE MODEL/SQYEEZE MODEL/Conv2D_param.sv:74]

Report RTL Partitions: 
+------+---------------------+------------+----------+
|      |RTL Partition        |Replication |Instances |
+------+---------------------+------------+----------+
|1     |Conv2D_specific__GB0 |           1|     21579|
|2     |Conv2D_specific__GB1 |           1|     15455|
|3     |Conv2D_specific__GB2 |           1|     10456|
|4     |Conv2D_specific__GB3 |           1|     15034|
|5     |Conv2D_specific__GB4 |           1|     17135|
|6     |Conv2D_specific__GB5 |           1|     21869|
|7     |top_all_layers__GC0  |           1|      2725|
+------+---------------------+------------+----------+
No constraint files found.
---------------------------------------------------------------------------------
Start Timing Optimization
---------------------------------------------------------------------------------
---------------------------------------------------------------------------------
Finished Timing Optimization : Time (s): cpu = 00:02:26 ; elapsed = 00:03:16 . Memory (MB): peak = 1197.395 ; gain = 722.746
---------------------------------------------------------------------------------

Report RTL Partitions: 
+------+---------------------+------------+----------+
|      |RTL Partition        |Replication |Instances |
+------+---------------------+------------+----------+
|1     |Conv2D_specific__GB0 |           1|     21579|
|2     |Conv2D_specific__GB1 |           1|     15455|
|3     |Conv2D_specific__GB2 |           1|     10456|
|4     |Conv2D_specific__GB3 |           1|     15034|
|5     |Conv2D_specific__GB4 |           1|     17135|
|6     |Conv2D_specific__GB5 |           1|     21866|
|7     |top_all_layers__GC0  |           1|      2725|
+------+---------------------+------------+----------+
---------------------------------------------------------------------------------
Start Technology Mapping
---------------------------------------------------------------------------------
INFO: [Synth 8-5844] Detected registers with asynchronous reset at DSP/BRAM block boundary. Consider using synchronous reset for optimal packing [C:/Users/AhmedAli/Desktop/SQYEEZE MODEL/SQYEEZE MODEL/Conv2D_param.sv:74]
INFO: [Synth 8-5844] Detected registers with asynchronous reset at DSP/BRAM block boundary. Consider using synchronous reset for optimal packing [C:/Users/AhmedAli/Desktop/SQYEEZE MODEL/SQYEEZE MODEL/HardSwishSigmoid.sv:19]
INFO: [Synth 8-5844] Detected registers with asynchronous reset at DSP/BRAM block boundary. Consider using synchronous reset for optimal packing [C:/Users/AhmedAli/Desktop/SQYEEZE MODEL/SQYEEZE MODEL/Conv2D_specific.sv:73]
---------------------------------------------------------------------------------
Finished Technology Mapping : Time (s): cpu = 00:02:36 ; elapsed = 00:03:33 . Memory (MB): peak = 1197.395 ; gain = 722.746
---------------------------------------------------------------------------------

Report RTL Partitions: 
+------+---------------------+------------+----------+
|      |RTL Partition        |Replication |Instances |
+------+---------------------+------------+----------+
|1     |Conv2D_specific__GB0 |           1|     14145|
|2     |Conv2D_specific__GB1 |           1|     11384|
|3     |Conv2D_specific__GB2 |           1|      7004|
|4     |Conv2D_specific__GB3 |           1|      9615|
|5     |Conv2D_specific__GB4 |           1|     11429|
|6     |Conv2D_specific__GB5 |           1|     14608|
|7     |top_all_layers__GC0  |           1|      1587|
+------+---------------------+------------+----------+
---------------------------------------------------------------------------------
Start IO Insertion
---------------------------------------------------------------------------------
---------------------------------------------------------------------------------
Start Flattening Before IO Insertion
---------------------------------------------------------------------------------
---------------------------------------------------------------------------------
Finished Flattening Before IO Insertion
---------------------------------------------------------------------------------
---------------------------------------------------------------------------------
Start Final Netlist Cleanup
---------------------------------------------------------------------------------
INFO: [Synth 8-5844] Detected registers with asynchronous reset at DSP/BRAM block boundary. Consider using synchronous reset for optimal packing [C:/Users/AhmedAli/Desktop/SQYEEZE MODEL/SQYEEZE MODEL/Conv2D_specific.sv:73]
INFO: [Synth 8-5844] Detected registers with asynchronous reset at DSP/BRAM block boundary. Consider using synchronous reset for optimal packing [C:/Users/AhmedAli/Desktop/SQYEEZE MODEL/SQYEEZE MODEL/Conv2D_param.sv:74]
INFO: [Synth 8-5844] Detected registers with asynchronous reset at DSP/BRAM block boundary. Consider using synchronous reset for optimal packing [C:/Users/AhmedAli/Desktop/SQYEEZE MODEL/SQYEEZE MODEL/Conv2D_specific.sv:78]
INFO: [Synth 8-5844] Detected registers with asynchronous reset at DSP/BRAM block boundary. Consider using synchronous reset for optimal packing [C:/Users/AhmedAli/Desktop/SQYEEZE MODEL/SQYEEZE MODEL/HardSwishSigmoid.sv:19]
---------------------------------------------------------------------------------
Finished Final Netlist Cleanup
---------------------------------------------------------------------------------
---------------------------------------------------------------------------------
Finished IO Insertion : Time (s): cpu = 00:02:54 ; elapsed = 00:03:56 . Memory (MB): peak = 1226.867 ; gain = 752.219
---------------------------------------------------------------------------------
---------------------------------------------------------------------------------
Start Renaming Generated Instances
---------------------------------------------------------------------------------
---------------------------------------------------------------------------------
Finished Renaming Generated Instances : Time (s): cpu = 00:02:54 ; elapsed = 00:03:57 . Memory (MB): peak = 1226.867 ; gain = 752.219
---------------------------------------------------------------------------------

Report RTL Partitions: 
+-+--------------+------------+----------+
| |RTL Partition |Replication |Instances |
+-+--------------+------------+----------+
+-+--------------+------------+----------+
CRITICAL WARNING: [Synth 8-6859] multi-driven net on pin conv_spec/ocnt[3] with 1st driver pin 'conv_spec/ocnt_reg[3]__0/Q' [C:/Users/AhmedAli/Desktop/SQYEEZE MODEL/SQYEEZE MODEL/Conv2D_specific.sv:42]
CRITICAL WARNING: [Synth 8-6859] multi-driven net on pin conv_spec/ocnt[3] with 2nd driver pin 'conv_spec/ocnt_reg[3]/Q' [C:/Users/AhmedAli/Desktop/SQYEEZE MODEL/SQYEEZE MODEL/Conv2D_specific.sv:106]
CRITICAL WARNING: [Synth 8-6859] multi-driven net on pin conv_spec/ocnt[2] with 1st driver pin 'conv_spec/ocnt_reg[2]__0/Q' [C:/Users/AhmedAli/Desktop/SQYEEZE MODEL/SQYEEZE MODEL/Conv2D_specific.sv:42]
CRITICAL WARNING: [Synth 8-6859] multi-driven net on pin conv_spec/ocnt[2] with 2nd driver pin 'conv_spec/ocnt_reg[2]/Q' [C:/Users/AhmedAli/Desktop/SQYEEZE MODEL/SQYEEZE MODEL/Conv2D_specific.sv:106]
CRITICAL WARNING: [Synth 8-6859] multi-driven net on pin conv_spec/ocnt[1] with 1st driver pin 'conv_spec/ocnt_reg[1]__0/Q' [C:/Users/AhmedAli/Desktop/SQYEEZE MODEL/SQYEEZE MODEL/Conv2D_specific.sv:42]
CRITICAL WARNING: [Synth 8-6859] multi-driven net on pin conv_spec/ocnt[1] with 2nd driver pin 'conv_spec/ocnt_reg[1]/Q' [C:/Users/AhmedAli/Desktop/SQYEEZE MODEL/SQYEEZE MODEL/Conv2D_specific.sv:106]
CRITICAL WARNING: [Synth 8-6859] multi-driven net on pin conv_spec/ocnt[0] with 1st driver pin 'conv_spec/ocnt_reg[0]__0/Q' [C:/Users/AhmedAli/Desktop/SQYEEZE MODEL/SQYEEZE MODEL/Conv2D_specific.sv:42]
CRITICAL WARNING: [Synth 8-6859] multi-driven net on pin conv_spec/ocnt[0] with 2nd driver pin 'conv_spec/ocnt_reg[0]/Q' [C:/Users/AhmedAli/Desktop/SQYEEZE MODEL/SQYEEZE MODEL/Conv2D_specific.sv:106]
CRITICAL WARNING: [Synth 8-6859] multi-driven net on pin conv_spec/icnt[3] with 1st driver pin 'conv_spec/icnt_reg[3]__0/Q' [C:/Users/AhmedAli/Desktop/SQYEEZE MODEL/SQYEEZE MODEL/Conv2D_specific.sv:43]
CRITICAL WARNING: [Synth 8-6859] multi-driven net on pin conv_spec/icnt[3] with 2nd driver pin 'conv_spec/icnt_reg[3]/Q' [C:/Users/AhmedAli/Desktop/SQYEEZE MODEL/SQYEEZE MODEL/Conv2D_specific.sv:104]
CRITICAL WARNING: [Synth 8-6859] multi-driven net on pin conv_spec/icnt[2] with 1st driver pin 'conv_spec/icnt_reg[2]__0/Q' [C:/Users/AhmedAli/Desktop/SQYEEZE MODEL/SQYEEZE MODEL/Conv2D_specific.sv:43]
CRITICAL WARNING: [Synth 8-6859] multi-driven net on pin conv_spec/icnt[2] with 2nd driver pin 'conv_spec/icnt_reg[2]/Q' [C:/Users/AhmedAli/Desktop/SQYEEZE MODEL/SQYEEZE MODEL/Conv2D_specific.sv:104]
CRITICAL WARNING: [Synth 8-6859] multi-driven net on pin conv_spec/icnt[1] with 1st driver pin 'conv_spec/icnt_reg[1]__0/Q' [C:/Users/AhmedAli/Desktop/SQYEEZE MODEL/SQYEEZE MODEL/Conv2D_specific.sv:43]
CRITICAL WARNING: [Synth 8-6859] multi-driven net on pin conv_spec/icnt[1] with 2nd driver pin 'conv_spec/icnt_reg[1]/Q' [C:/Users/AhmedAli/Desktop/SQYEEZE MODEL/SQYEEZE MODEL/Conv2D_specific.sv:104]
CRITICAL WARNING: [Synth 8-6859] multi-driven net on pin conv_spec/icnt[0] with 1st driver pin 'conv_spec/icnt_reg[0]__0/Q' [C:/Users/AhmedAli/Desktop/SQYEEZE MODEL/SQYEEZE MODEL/Conv2D_specific.sv:43]
CRITICAL WARNING: [Synth 8-6859] multi-driven net on pin conv_spec/icnt[0] with 2nd driver pin 'conv_spec/icnt_reg[0]/Q' [C:/Users/AhmedAli/Desktop/SQYEEZE MODEL/SQYEEZE MODEL/Conv2D_specific.sv:104]
CRITICAL WARNING: [Synth 8-6859] multi-driven net on pin conv_spec/krow[1] with 1st driver pin 'conv_spec/krow_reg[1]__0/Q' [C:/Users/AhmedAli/Desktop/SQYEEZE MODEL/SQYEEZE MODEL/Conv2D_specific.sv:44]
CRITICAL WARNING: [Synth 8-6859] multi-driven net on pin conv_spec/krow[1] with 2nd driver pin 'conv_spec/krow_reg[1]/Q' [C:/Users/AhmedAli/Desktop/SQYEEZE MODEL/SQYEEZE MODEL/Conv2D_specific.sv:104]
CRITICAL WARNING: [Synth 8-6859] multi-driven net on pin conv_spec/krow[0] with 1st driver pin 'conv_spec/krow_reg[0]__0/Q' [C:/Users/AhmedAli/Desktop/SQYEEZE MODEL/SQYEEZE MODEL/Conv2D_specific.sv:44]
CRITICAL WARNING: [Synth 8-6859] multi-driven net on pin conv_spec/krow[0] with 2nd driver pin 'conv_spec/krow_reg[0]/Q' [C:/Users/AhmedAli/Desktop/SQYEEZE MODEL/SQYEEZE MODEL/Conv2D_specific.sv:104]
CRITICAL WARNING: [Synth 8-6859] multi-driven net on pin conv_spec/kcol[1] with 1st driver pin 'conv_spec/kcol_reg[1]__0/Q' [C:/Users/AhmedAli/Desktop/SQYEEZE MODEL/SQYEEZE MODEL/Conv2D_specific.sv:45]
CRITICAL WARNING: [Synth 8-6859] multi-driven net on pin conv_spec/kcol[1] with 2nd driver pin 'conv_spec/kcol_reg[1]/Q' [C:/Users/AhmedAli/Desktop/SQYEEZE MODEL/SQYEEZE MODEL/Conv2D_specific.sv:104]
CRITICAL WARNING: [Synth 8-6859] multi-driven net on pin conv_spec/kcol[0] with 1st driver pin 'conv_spec/kcol_reg[0]__0/Q' [C:/Users/AhmedAli/Desktop/SQYEEZE MODEL/SQYEEZE MODEL/Conv2D_specific.sv:45]
CRITICAL WARNING: [Synth 8-6859] multi-driven net on pin conv_spec/kcol[0] with 2nd driver pin 'conv_spec/kcol_reg[0]/Q' [C:/Users/AhmedAli/Desktop/SQYEEZE MODEL/SQYEEZE MODEL/Conv2D_specific.sv:104]
CRITICAL WARNING: [Synth 8-6859] multi-driven net on pin conv_param/ocnt[-1] with 1st driver pin 'conv_param/ocnt_reg[-1]__0/Q' [C:/Users/AhmedAli/Desktop/SQYEEZE MODEL/SQYEEZE MODEL/Conv2D_param.sv:43]
CRITICAL WARNING: [Synth 8-6859] multi-driven net on pin conv_param/ocnt[-1] with 2nd driver pin 'conv_param/ocnt_reg[-1]/Q' [C:/Users/AhmedAli/Desktop/SQYEEZE MODEL/SQYEEZE MODEL/Conv2D_param.sv:107]
CRITICAL WARNING: [Synth 8-6859] multi-driven net on pin conv_param/ocnt[0] with 1st driver pin 'conv_param/ocnt_reg[0]__0/Q' [C:/Users/AhmedAli/Desktop/SQYEEZE MODEL/SQYEEZE MODEL/Conv2D_param.sv:43]
CRITICAL WARNING: [Synth 8-6859] multi-driven net on pin conv_param/ocnt[0] with 2nd driver pin 'conv_param/ocnt_reg[0]/Q' [C:/Users/AhmedAli/Desktop/SQYEEZE MODEL/SQYEEZE MODEL/Conv2D_param.sv:107]
CRITICAL WARNING: [Synth 8-6859] multi-driven net on pin conv_param/icnt[0] with 1st driver pin 'conv_param/icnt_reg[0]__0/Q' [C:/Users/AhmedAli/Desktop/SQYEEZE MODEL/SQYEEZE MODEL/Conv2D_param.sv:44]
CRITICAL WARNING: [Synth 8-6859] multi-driven net on pin conv_param/icnt[0] with 2nd driver pin 'conv_param/icnt_reg[0]/Q' [C:/Users/AhmedAli/Desktop/SQYEEZE MODEL/SQYEEZE MODEL/Conv2D_param.sv:105]
CRITICAL WARNING: [Synth 8-6859] multi-driven net on pin conv_param/krow with 1st driver pin 'conv_param/krow_reg[0]__0/Q' [C:/Users/AhmedAli/Desktop/SQYEEZE MODEL/SQYEEZE MODEL/Conv2D_param.sv:45]
CRITICAL WARNING: [Synth 8-6859] multi-driven net on pin conv_param/krow with 2nd driver pin 'conv_param/krow_reg[0]/Q' [C:/Users/AhmedAli/Desktop/SQYEEZE MODEL/SQYEEZE MODEL/Conv2D_param.sv:105]
CRITICAL WARNING: [Synth 8-6859] multi-driven net on pin conv_param/kcol with 1st driver pin 'conv_param/kcol_reg[0]__0/Q' [C:/Users/AhmedAli/Desktop/SQYEEZE MODEL/SQYEEZE MODEL/Conv2D_param.sv:46]
CRITICAL WARNING: [Synth 8-6859] multi-driven net on pin conv_param/kcol with 2nd driver pin 'conv_param/kcol_reg[0]/Q' [C:/Users/AhmedAli/Desktop/SQYEEZE MODEL/SQYEEZE MODEL/Conv2D_param.sv:105]
CRITICAL WARNING: [Synth 8-6859] multi-driven net on pin conv_param/icnt[-1] with 1st driver pin 'conv_param/icnt_reg[-1]__0/Q' [C:/Users/AhmedAli/Desktop/SQYEEZE MODEL/SQYEEZE MODEL/Conv2D_param.sv:44]
CRITICAL WARNING: [Synth 8-6859] multi-driven net on pin conv_param/icnt[-1] with 2nd driver pin 'conv_param/icnt_reg[-1]/Q' [C:/Users/AhmedAli/Desktop/SQYEEZE MODEL/SQYEEZE MODEL/Conv2D_param.sv:105]

Report Check Netlist: 
+------+------------------+-------+---------+-------+------------------+
|      |Item              |Errors |Warnings |Status |Description       |
+------+------------------+-------+---------+-------+------------------+
|1     |multi_driven_nets |      0|       18|Failed |Multi driven nets |
+------+------------------+-------+---------+-------+------------------+
---------------------------------------------------------------------------------
Start Rebuilding User Hierarchy
---------------------------------------------------------------------------------
---------------------------------------------------------------------------------
Finished Rebuilding User Hierarchy : Time (s): cpu = 00:02:57 ; elapsed = 00:04:00 . Memory (MB): peak = 1226.867 ; gain = 752.219
---------------------------------------------------------------------------------
---------------------------------------------------------------------------------
Start Renaming Generated Ports
---------------------------------------------------------------------------------
---------------------------------------------------------------------------------
Finished Renaming Generated Ports : Time (s): cpu = 00:02:57 ; elapsed = 00:04:01 . Memory (MB): peak = 1226.867 ; gain = 752.219
---------------------------------------------------------------------------------
---------------------------------------------------------------------------------
Start Handling Custom Attributes
---------------------------------------------------------------------------------
---------------------------------------------------------------------------------
Finished Handling Custom Attributes : Time (s): cpu = 00:02:58 ; elapsed = 00:04:02 . Memory (MB): peak = 1226.867 ; gain = 752.219
---------------------------------------------------------------------------------
---------------------------------------------------------------------------------
Start Renaming Generated Nets
---------------------------------------------------------------------------------
---------------------------------------------------------------------------------
Finished Renaming Generated Nets : Time (s): cpu = 00:02:59 ; elapsed = 00:04:02 . Memory (MB): peak = 1226.867 ; gain = 752.219
---------------------------------------------------------------------------------
---------------------------------------------------------------------------------
Start Writing Synthesis Report
---------------------------------------------------------------------------------

Report BlackBoxes: 
+-+--------------+----------+
| |BlackBox name |Instances |
+-+--------------+----------+
+-+--------------+----------+

Report Cell Usage: 
+------+--------+------+
|      |Cell    |Count |
+------+--------+------+
|1     |BUFG    |     1|
|2     |CARRY4  |   217|
|3     |DSP48E1 |     4|
|4     |LUT1    |    82|
|5     |LUT2    |   420|
|6     |LUT3    |   330|
|7     |LUT4    |   223|
|8     |LUT5    |   971|
|9     |LUT6    | 14715|
|10    |MUXF7   |  5792|
|11    |MUXF8   |  2896|
|12    |FDCE    |   888|
|13    |FDPE    |     1|
|14    |FDRE    | 43932|
|15    |IBUF    |    84|
|16    |OBUF    |    16|
+------+--------+------+

Report Instance Areas: 
+------+-------------+----------------------+------+
|      |Instance     |Module                |Cells |
+------+-------------+----------------------+------+
|1     |top          |                      | 70572|
|2     |  bn         |BatchNorm_param       |   310|
|3     |  conv_param |Conv2D_param          |   925|
|4     |  conv_spec  |Conv2D_specific       | 68236|
|5     |  hswish     |HardSwishSigmoid      |   548|
|6     |  pool       |AdaptiveAvgPool2d_1x1 |    94|
|7     |  relu       |ReLU_param            |    18|
+------+-------------+----------------------+------+
---------------------------------------------------------------------------------
Finished Writing Synthesis Report : Time (s): cpu = 00:02:59 ; elapsed = 00:04:02 . Memory (MB): peak = 1226.867 ; gain = 752.219
---------------------------------------------------------------------------------
Synthesis finished with 0 errors, 36 critical warnings and 2759 warnings.
Synthesis Optimization Runtime : Time (s): cpu = 00:02:59 ; elapsed = 00:04:03 . Memory (MB): peak = 1226.867 ; gain = 752.219
Synthesis Optimization Complete : Time (s): cpu = 00:02:59 ; elapsed = 00:04:03 . Memory (MB): peak = 1226.867 ; gain = 752.219
INFO: [Project 1-571] Translating synthesized netlist
Netlist sorting complete. Time (s): cpu = 00:00:01 ; elapsed = 00:00:02 . Memory (MB): peak = 1231.102 ; gain = 0.000
INFO: [Netlist 29-17] Analyzing 8909 Unisim elements for replacement
INFO: [Netlist 29-28] Unisim Transformation completed in 0 CPU seconds
WARNING: [Netlist 29-101] Netlist 'top_all_layers' is not ideal for floorplanning, since the cellview 'Conv2D_specific' contains a large number of primitives.  Please consider enabling hierarchy in synthesis if you want to do floorplanning.
INFO: [Project 1-570] Preparing netlist for logic optimization
INFO: [Opt 31-138] Pushed 0 inverter(s) to 0 load pin(s).
Netlist sorting complete. Time (s): cpu = 00:00:00 ; elapsed = 00:00:00.032 . Memory (MB): peak = 1308.387 ; gain = 0.000
INFO: [Project 1-111] Unisim Transformation Summary:
No Unisim elements were transformed.

INFO: [Common 17-83] Releasing license: Synthesis
44 Infos, 116 Warnings, 36 Critical Warnings and 0 Errors encountered.
synth_design completed successfully
synth_design: Time (s): cpu = 00:03:19 ; elapsed = 00:04:31 . Memory (MB): peak = 1308.387 ; gain = 858.621
Netlist sorting complete. Time (s): cpu = 00:00:00 ; elapsed = 00:00:00.038 . Memory (MB): peak = 1308.387 ; gain = 0.000
WARNING: [Constraints 18-5210] No constraints selected for write.
Resolution: This message can indicate that there are no constraints for the design, or it can indicate that the used_in flags are set such that the constraints are ignored. This later case is used when running synth_design to not write synthesis constraints to the resulting checkpoint. Instead, project constraints are read when the synthesized design is opened.
INFO: [Common 17-1381] The checkpoint 'C:/Users/AhmedAli/Desktop/SQYEEZE MODEL/SQYEEZE MODEL/squeeze/squeeze.runs/synth_1/top_all_layers.dcp' has been generated.
write_checkpoint: Time (s): cpu = 00:00:10 ; elapsed = 00:00:11 . Memory (MB): peak = 1308.387 ; gain = 0.000
INFO: [runtcl-4] Executing : report_utilization -file top_all_layers_utilization_synth.rpt -pb top_all_layers_utilization_synth.pb
INFO: [Common 17-206] Exiting Vivado at Tue Jun 24 02:54:27 2025...
